<?xml version="1.0" encoding="UTF-8"?>
<!-- Generated by org.testng.reporters.JUnitReportReporter -->
<testsuite hostname="ASDP1580PO02037" name="testing.PageObjectTatocTestNGTest" tests="6" failures="0" timestamp="2 Jul 2018 20:18:59 GMT" time="3.773" errors="0">
  <testcase name="callDrag" time="0.304" classname="testing.PageObjectTatocTestNGTest"/>
  <testcase name="callFrame" time="0.668" classname="testing.PageObjectTatocTestNGTest"/>
  <testcase name="callBasic" time="0.674" classname="testing.PageObjectTatocTestNGTest"/>
  <testcase name="callPop" time="1.451" classname="testing.PageObjectTatocTestNGTest"/>
  <testcase name="callGrid" time="0.460" classname="testing.PageObjectTatocTestNGTest"/>
  <testcase name="callCookie" time="0.216" classname="testing.PageObjectTatocTestNGTest"/>
</testsuite> <!-- testing.PageObjectTatocTestNGTest -->
